<?xml version="1.0" encoding="UTF-8"?>
<!-- Generated by org.testng.reporters.JUnitXMLReporter -->
<testsuite hostname="jkj-PC" ignored="0" name="Test" tests="1" failures="0" timestamp="25 Jun 2018 11:24:56 GMT" time="0.094" errors="0">
  <testcase name="@BeforeClass initBrowser" time="0.057" classname="com.aquent.rambo.autotest.test.TestClass">
    <failure type="java.lang.NoClassDefFoundError" message="org/dom4j/DocumentException">
      <![CDATA[java.lang.NoClassDefFoundError: org/dom4j/DocumentException
	at org.apache.poi.openxml4j.opc.OPCPackage.init(OPCPackage.java:154)
	at org.apache.poi.openxml4j.opc.OPCPackage.<init>(OPCPackage.java:141)
	at org.apache.poi.openxml4j.opc.Package.<init>(Package.java:37)
	at org.apache.poi.openxml4j.opc.ZipPackage.<init>(ZipPackage.java:83)
	at org.apache.poi.openxml4j.opc.OPCPackage.open(OPCPackage.java:272)
	at org.apache.poi.util.PackageHelper.open(PackageHelper.java:39)
	at org.apache.poi.xssf.usermodel.XSSFWorkbook.<init>(XSSFWorkbook.java:218)
	at com.aquent.rambo.autotest.data.Xls_Reader.<init>(Xls_Reader.java:40)
	at com.aquent.rambo.autotest.utils.Resources.Initialize(Resources.java:37)
	at com.aquent.rambo.autotest.test.TestClass.initBrowser(TestClass.java:21)
Caused by: java.lang.ClassNotFoundException: org.dom4j.DocumentException
	at java.net.URLClassLoader.findClass(Unknown Source)
	at java.lang.ClassLoader.loadClass(Unknown Source)
	at sun.misc.Launcher$AppClassLoader.loadClass(Unknown Source)
	at java.lang.ClassLoader.loadClass(Unknown Source)
	... 35 more
... Removed 25 stack frames]]>
    </failure>
  </testcase> <!-- @BeforeClass initBrowser -->
  <testcase name="TestCaseController" time="0.0" classname="com.aquent.rambo.autotest.test.TestClass">
    <skipped/>
  </testcase> <!-- TestCaseController -->
</testsuite> <!-- Test -->
